<?xml version="1.0" encoding="UTF-8"?>
<testsuite name="com.example.externalservice.ExternalServiceApplicationTests" tests="1" skipped="0" failures="0" errors="0" timestamp="2026-04-08T20:46:01" hostname="LAPTOP-VLHTPNN6" time="1.537">
  <properties/>
  <testcase name="contextLoads()" classname="com.example.externalservice.ExternalServiceApplicationTests" time="1.537"/>
  <system-out><![CDATA[01:45:57.103 [Test worker] INFO org.springframework.test.context.support.AnnotationConfigContextLoaderUtils -- Could not detect default configuration classes for test class [com.example.externalservice.ExternalServiceApplicationTests]: ExternalServiceApplicationTests does not declare any static, non-private, non-final, nested classes annotated with @Configuration.
01:45:57.295 [Test worker] INFO org.springframework.boot.test.context.SpringBootTestContextBootstrapper -- Found @SpringBootConfiguration com.example.externalservice.ExternalServiceApplication for test class com.example.externalservice.ExternalServiceApplicationTests

  .   ____          _            __ _ _
 /\\ / ___'_ __ _ _(_)_ __  __ _ \ \ \ \
( ( )\___ | '_ | '_| | '_ \/ _` | \ \ \ \
 \\/  ___)| |_)| | | | | || (_| |  ) ) ) )
  '  |____| .__|_| |_|_| |_\__, | / / / /
 =========|_|==============|___/=/_/_/_/
 :: Spring Boot ::                (v3.2.5)

2026-04-09T01:45:58.424+05:00  INFO 11996 --- [    Test worker] c.e.e.ExternalServiceApplicationTests    : Starting ExternalServiceApplicationTests using Java 21.0.7 with PID 11996 (started by hp in C:\Users\hp\pet_projects\external-service)
2026-04-09T01:45:58.428+05:00  INFO 11996 --- [    Test worker] c.e.e.ExternalServiceApplicationTests    : No active profile set, falling back to 1 default profile: "default"
2026-04-09T01:46:01.402+05:00  INFO 11996 --- [    Test worker] c.e.e.ExternalServiceApplicationTests    : Started ExternalServiceApplicationTests in 3.754 seconds (process running for 6.534)
]]></system-out>
  <system-err><![CDATA[WARNING: A Java agent has been loaded dynamically (C:\Users\hp\.gradle\caches\modules-2\files-2.1\net.bytebuddy\byte-buddy-agent\1.14.13\979ce25f7d3096a2e82214ba7dc972a05ce7a171\byte-buddy-agent-1.14.13.jar)
WARNING: If a serviceability tool is in use, please run with -XX:+EnableDynamicAgentLoading to hide this warning
WARNING: If a serviceability tool is not in use, please run with -Djdk.instrument.traceUsage for more information
WARNING: Dynamic loading of agents will be disallowed by default in a future release
]]></system-err>
</testsuite>
